0 info it worked if it ends with ok
1 verbose cli [ 'C:\\Program Files\\nodejs\\node.exe',
1 verbose cli   'C:\\Program Files\\nodejs\\node_modules\\npm\\bin\\npm-cli.js',
1 verbose cli   'start' ]
2 info using npm@3.10.10
3 info using node@v6.10.2
4 verbose run-script [ 'prestart', 'start', 'poststart' ]
5 info lifecycle seminar-electron-1412503-1412520@1.0.0~prestart: seminar-electron-1412503-1412520@1.0.0
6 silly lifecycle seminar-electron-1412503-1412520@1.0.0~prestart: no script for prestart, continuing
7 info lifecycle seminar-electron-1412503-1412520@1.0.0~start: seminar-electron-1412503-1412520@1.0.0
8 verbose lifecycle seminar-electron-1412503-1412520@1.0.0~start: unsafe-perm in lifecycle true
9 verbose lifecycle seminar-electron-1412503-1412520@1.0.0~start: PATH: C:\Program Files\nodejs\node_modules\npm\bin\node-gyp-bin;D:\nam3-hk2\UDPT\seminar-electron-1412503-1412520\node_modules\.bin;C:\PROGRAM FILES\BROADCOM\BROADCOM 802.11 NETWORK ADAPTER;D:\APP\THIKHIN96\PRODUCT\12.1.0\DBHOME_1\BIN;C:\PROGRAM FILES (X86)\INTEL\ICLS CLIENT\;C:\PROGRAM FILES\INTEL\ICLS CLIENT\;C:\WINDOWS\SYSTEM32;C:\WINDOWS;C:\WINDOWS\SYSTEM32\WBEM;C:\WINDOWS\SYSTEM32\WINDOWSPOWERSHELL\V1.0\;;C:\PROGRAM FILES (X86)\INTEL\OPENCL SDK\2.0\BIN\X86;C:\PROGRAM FILES (X86)\INTEL\OPENCL SDK\2.0\BIN\X64;C:\PROGRAM FILES\SONY\VAIO IMPROVEMENT;C:\PROGRAM FILES (X86)\SONY\VAIO BIOS DATA TRANSFER UTILITY\;C:\PROGRAM FILES (X86)\SONY\VAIO STARTUP SETTING TOOL;C:\PROGRAM FILES\MICROSOFT SQL SERVER\110\TOOLS\BINN\;C:\PROGRAM FILES (X86)\MICROSOFT SQL SERVER\110\TOOLS\BINN\;C:\PROGRAM FILES\MICROSOFT SQL SERVER\110\DTS\BINN\;C:\Users\Sony Vaio\.DNX\BIN;C:\PROGRAM FILES\MICROSOFT DNX\DNVM\;C:\PROGRAM FILES (X86)\WINDOWS KITS\10\WINDOWS PERFORMANCE TOOLKIT\;C:\PROGRAM FILES (X86)\GTKSHARP\2.12\BIN;C:\PROGRAM FILES\MICROSOFT SQL SERVER\CLIENT SDK\ODBC\110\TOOLS\BINN\;C:\PROGRAM FILES (X86)\MICROSOFT SQL SERVER\120\TOOLS\BINN\;C:\PROGRAM FILES\MICROSOFT SQL SERVER\120\TOOLS\BINN\;C:\PROGRAM FILES\MICROSOFT SQL SERVER\120\DTS\BINN\;C:\PROGRAM FILES (X86)\MICROSOFT SQL SERVER\120\TOOLS\BINN\MANAGEMENTSTUDIO\;C:\PROGRAM FILES (X86)\MICROSOFT SQL SERVER\120\DTS\BINN\;C:\PROGRAM FILES\GIT\CMD;C:\PROGRAM FILES\TORTOISEGIT\BIN;C:\PROGRAM FILES\INTEL\INTEL(R) MANAGEMENT ENGINE COMPONENTS\DAL;C:\PROGRAM FILES\INTEL\INTEL(R) MANAGEMENT ENGINE COMPONENTS\IPT;C:\PROGRAM FILES (X86)\INTEL\INTEL(R) MANAGEMENT ENGINE COMPONENTS\DAL;C:\PROGRAM FILES (X86)\INTEL\INTEL(R) MANAGEMENT ENGINE COMPONENTS\IPT;C:\Program Files\WIDCOMM\Bluetooth Software\;C:\Program Files\WIDCOMM\Bluetooth Software\syswow64;C:\Program Files\nodejs\;C:\Users\Sony Vaio\AppData\Roaming\npm;C:\Program Files\Heroku\bin
10 verbose lifecycle seminar-electron-1412503-1412520@1.0.0~start: CWD: D:\nam3-hk2\UDPT\seminar-electron-1412503-1412520
11 silly lifecycle seminar-electron-1412503-1412520@1.0.0~start: Args: [ '/d /s /c', 'electron .' ]
12 verbose stack Error: kill ENOSYS
12 verbose stack     at exports._errnoException (util.js:1018:11)
12 verbose stack     at process.kill (internal/process.js:190:13)
12 verbose stack     at process.listener (C:\Program Files\nodejs\node_modules\npm\node_modules\npmlog\node_modules\gauge\node_modules\signal-exit\index.js:86:15)
12 verbose stack     at emitNone (events.js:91:20)
12 verbose stack     at process.emit (events.js:185:7)
12 verbose stack     at processEmit (C:\Program Files\nodejs\node_modules\npm\node_modules\npmlog\node_modules\gauge\node_modules\signal-exit\index.js:146:32)
12 verbose stack     at processEmit (C:\Program Files\nodejs\node_modules\npm\node_modules\npm-registry-client\node_modules\npmlog\node_modules\gauge\node_modules\signal-exit\index.js:146:32)
12 verbose stack     at Signal.wrap.onsignal (internal/process.js:217:44)
13 verbose cwd D:\nam3-hk2\UDPT\seminar-electron-1412503-1412520
14 error Windows_NT 6.3.9600
15 error argv "C:\\Program Files\\nodejs\\node.exe" "C:\\Program Files\\nodejs\\node_modules\\npm\\bin\\npm-cli.js" "start"
16 error node v6.10.2
17 error npm  v3.10.10
18 error code ENOSYS
19 error errno ENOSYS
20 error syscall kill
21 error kill ENOSYS
22 error If you need help, you may report this error at:
22 error     <https://github.com/npm/npm/issues>
23 verbose exit [ 1, true ]
